<?xml version="1.0" encoding="UTF-8"?>
<!-- Generated by org.testng.reporters.JUnitReportReporter -->
<testsuite hostname="Kutus" failures="0" tests="1" name="testScript.GetMovieList" time="2.318" errors="0" timestamp="2025-08-06T10:33:57 IST" skipped="0">
  <testcase classname="testScript.GetMovieList" name="viewMovieList" time="2.318"/>
</testsuite> <!-- testScript.GetMovieList -->
