<?xml version="1.0" encoding="UTF-8"?>
<!-- Generated by org.testng.reporters.JUnitReportReporter -->
<testsuite hostname="Kutus" failures="0" tests="1" name="testScript.GetMovieByGenre" time="1.988" errors="0" timestamp="2025-08-06T10:34:21 IST" skipped="0">
  <testcase classname="testScript.GetMovieByGenre" name="viewMovieByGenre" time="1.988"/>
</testsuite> <!-- testScript.GetMovieByGenre -->
