<?xml version="1.0" encoding="UTF-8"?>
<!-- Generated by org.testng.reporters.JUnitReportReporter -->
<testsuite hostname="Kutus" failures="0" tests="1" name="testScript.DeleteOperation" time="2.749" errors="0" timestamp="2025-08-06T10:37:06 IST" skipped="0">
  <testcase classname="testScript.DeleteOperation" name="deleteMovieUsingPojo" time="2.749"/>
</testsuite> <!-- testScript.DeleteOperation -->
