<?xml version="1.0" encoding="UTF-8"?>
<!-- Generated by org.testng.reporters.JUnitReportReporter -->
<testsuite hostname="Kutus" failures="0" tests="1" name="testScript.GetMovieById" time="2.049" errors="0" timestamp="2025-08-06T10:34:13 IST" skipped="0">
  <testcase classname="testScript.GetMovieById" name="viewMovieById" time="2.049"/>
</testsuite> <!-- testScript.GetMovieById -->
