<?xml version="1.0" encoding="UTF-8"?>
<!-- Generated by org.testng.reporters.JUnitReportReporter -->
<testsuite hostname="Kutus" failures="0" tests="1" name="testScript.PostOperation" time="2.066" errors="0" timestamp="2025-08-06T10:36:42 IST" skipped="0">
  <testcase classname="testScript.PostOperation" name="addMovieFormParams" time="2.066"/>
</testsuite> <!-- testScript.PostOperation -->
